<?xml version="1.0" encoding="UTF-8"?>
<testsuite name="com.example.demo.DemoApplicationTests" tests="1" skipped="0" failures="0" errors="0" timestamp="2024-06-26T23:59:02" hostname="DESKTOP-VJ7IBTA" time="0.735">
  <properties/>
  <testcase name="contextLoads()" classname="com.example.demo.DemoApplicationTests" time="0.735"/>
  <system-out><![CDATA[20:58:58.949 [Test worker] INFO org.springframework.test.context.support.AnnotationConfigContextLoaderUtils -- Could not detect default configuration classes for test class [com.example.demo.DemoApplicationTests]: DemoApplicationTests does not declare any static, non-private, non-final, nested classes annotated with @Configuration.
20:58:59.032 [Test worker] INFO org.springframework.boot.test.context.SpringBootTestContextBootstrapper -- Found @SpringBootConfiguration com.example.demo.DemoApplication for test class com.example.demo.DemoApplicationTests
  .   ____          _            __ _ _
 /\\ / ___'_ __ _ _(_)_ __  __ _ \ \ \ \
( ( )\___ | '_ | '_| | '_ \/ _` | \ \ \ \
 \\/  ___)| |_)| | | | | || (_| |  ) ) ) )
  '  |____| .__|_| |_|_| |_\__, | / / / /
 =========|_|==============|___/=/_/_/_/

 :: Spring Boot ::                (v3.3.0)

2024-06-26T20:58:59.362-03:00  INFO 13112 --- [demo] [    Test worker] com.example.demo.DemoApplicationTests    : Starting DemoApplicationTests using Java 17.0.9 with PID 13112 (started by emili in C:\Users\emili\Desktop\Auth0Back-main)
2024-06-26T20:58:59.363-03:00  INFO 13112 --- [demo] [    Test worker] com.example.demo.DemoApplicationTests    : No active profile set, falling back to 1 default profile: "default"
2024-06-26T20:59:01.823-03:00  INFO 13112 --- [demo] [    Test worker] o.s.s.web.DefaultSecurityFilterChain     : Will secure any request with [org.springframework.security.web.session.DisableEncodeUrlFilter@53bb71e5, org.springframework.security.web.context.request.async.WebAsyncManagerIntegrationFilter@54a056e4, org.springframework.security.web.context.SecurityContextHolderFilter@6a5dd083, org.springframework.security.web.header.HeaderWriterFilter@799c8758, org.springframework.web.filter.CorsFilter@15994b0b, org.springframework.security.web.authentication.logout.LogoutFilter@7404ddca, org.springframework.security.oauth2.server.resource.web.authentication.BearerTokenAuthenticationFilter@6704df84, org.springframework.security.web.savedrequest.RequestCacheAwareFilter@1d17423f, org.springframework.security.web.servletapi.SecurityContextHolderAwareRequestFilter@7f5ce33e, org.springframework.security.web.authentication.AnonymousAuthenticationFilter@12cd129c, org.springframework.security.web.access.ExceptionTranslationFilter@50a7c72b, org.springframework.security.web.access.intercept.AuthorizationFilter@7e2c6702]
2024-06-26T20:59:02.067-03:00  INFO 13112 --- [demo] [    Test worker] com.example.demo.DemoApplicationTests    : Started DemoApplicationTests in 2.905 seconds (process running for 3.868)
]]></system-out>
  <system-err><![CDATA[]]></system-err>
</testsuite>
